<?xml version="1.0" encoding="utf-8"?><testsuites name="pytest tests"><testsuite name="pytest" errors="0" failures="0" skipped="0" tests="7" time="2.207" timestamp="2026-06-10T04:51:34.050540+00:00" hostname="agent-env-f5ea85c4-5a78-4467-ab4c-ca9e3fbd566f"><testcase classname="backend.tests.test_leads_api" name="test_root_ok" time="0.255" /><testcase classname="backend.tests.test_leads_api" name="test_create_lead_success" time="0.048" /><testcase classname="backend.tests.test_leads_api" name="test_create_lead_invalid_email" time="0.047" /><testcase classname="backend.tests.test_leads_api" name="test_create_lead_missing_fields" time="0.133" /><testcase classname="backend.tests.test_leads_api" name="test_list_leads_sorted_no_objectid" time="1.255" /><testcase classname="backend.tests.test_leads_api" name="test_leads_count" time="0.044" /><testcase classname="backend.tests.test_leads_api" name="test_delete_lead_and_404" time="0.262" /></testsuite></testsuites>